<?xml version="1.0" encoding="UTF-8"?>
<!-- Generated by org.testng.reporters.JUnitXMLReporter -->
<testsuite ignored="0" hostname="DESKTOP-I0DC8MB" failures="2" tests="2" name="Command line test" time="62.253" errors="0" timestamp="2023-08-12T23:07:40 IST">
  <testcase classname="io.cucumber.testng.AbstractTestNGCucumberTests" name="runScenario" time="31.495">
    <failure type="java.lang.NullPointerException">
      <![CDATA[java.lang.NullPointerException
at java.base/java.util.Objects.requireNonNull(Objects.java:221)
at org.openqa.selenium.interactions.Actions.<init>(Actions.java:65)
at com.swiggy.pages.Landinpage.<init>(Landinpage.java:29)
at com.swiggy.testscripts.Driver.init(Driver.java:63)
at com.swiggy.testscripts.BeforeAfter.setUp(BeforeAfter.java:15)
]]>
    </failure>
  </testcase> <!-- runScenario -->
  <testcase classname="io.cucumber.testng.AbstractTestNGCucumberTests" name="runScenario" time="30.341">
    <failure type="java.lang.NullPointerException">
      <![CDATA[java.lang.NullPointerException
at java.base/java.util.Objects.requireNonNull(Objects.java:221)
at org.openqa.selenium.interactions.Actions.<init>(Actions.java:65)
at com.swiggy.pages.Landinpage.<init>(Landinpage.java:29)
at com.swiggy.testscripts.Driver.init(Driver.java:63)
at com.swiggy.testscripts.BeforeAfter.setUp(BeforeAfter.java:15)
]]>
    </failure>
  </testcase> <!-- runScenario -->
</testsuite> <!-- Command line test -->
